<?xml version="1.0" encoding="UTF-8"?>
<!-- Generated by org.testng.reporters.JUnitReportReporter -->
<testsuite hostname="DESKTOP-LKF45UE" failures="0" tests="5" name="tests.TestNG" time="67.106" errors="0" timestamp="2021-03-18T13:45:51 IST" skipped="0">
  <testcase classname="tests.TestNG" name="getGoogleSignIn" time="28.863"/>
  <system-out/>
  <testcase classname="tests.TestNG" name="getDriver" time="12.492"/>
  <system-out/>
  <testcase classname="tests.TestNG" name="getUpcomingBikes" time="11.661"/>
  <system-out/>
  <testcase classname="tests.TestNG" name="closeApplication" time="7.448"/>
  <system-out/>
  <testcase classname="tests.TestNG" name="getPopularUsedCars" time="6.642"/>
  <system-out/>
</testsuite> <!-- tests.TestNG -->
